{"name":"quantum-blog","logs":"2026-01-29T14:36:58.047125648Z                     ^^^^^^^^^^^^^^^^^^^^^^^^^^^^^^\n2026-01-29T14:36:58.047126808Z   File \"/app/src/runtime/renderer.py\", line 117, in render_all\n2026-01-29T14:36:58.047128179Z     return ''.join(self.render(node) for node in nodes)\n2026-01-29T14:36:58.047129608Z            ^^^^^^^^^^^^^^^^^^^^^^^^^^^^^^^^^^^^^^^^^^^^\n2026-01-29T14:36:58.047130678Z   File \"/app/src/runtime/renderer.py\", line 117, in <genexpr>\n2026-01-29T14:36:58.047132078Z     return ''.join(self.render(node) for node in nodes)\n2026-01-29T14:36:58.047133428Z                    ^^^^^^^^^^^^^^^^^\n2026-01-29T14:36:58.047134528Z   File \"/app/src/runtime/renderer.py\", line 70, in render\n2026-01-29T14:36:58.047137659Z     return self._render_html_node(node)\n2026-01-29T14:36:58.047138358Z            ^^^^^^^^^^^^^^^^^^^^^^^^^^^^\n2026-01-29T14:36:58.047139028Z   File \"/app/src/runtime/renderer.py\", line 163, in _render_html_node\n2026-01-29T14:36:58.047139718Z     children_html = self.render_all(node.children)\n2026-01-29T14:36:58.047140428Z                     ^^^^^^^^^^^^^^^^^^^^^^^^^^^^^^\n2026-01-29T14:36:58.047141059Z   File \"/app/src/runtime/renderer.py\", line 117, in render_all\n2026-01-29T14:36:58.047141718Z     return ''.join(self.render(node) for node in nodes)\n2026-01-29T14:36:58.047142358Z            ^^^^^^^^^^^^^^^^^^^^^^^^^^^^^^^^^^^^^^^^^^^^\n2026-01-29T14:36:58.047143019Z   File \"/app/src/runtime/renderer.py\", line 117, in <genexpr>\n2026-01-29T14:36:58.047144358Z     return ''.join(self.render(node) for node in nodes)\n2026-01-29T14:36:58.047146459Z                    ^^^^^^^^^^^^^^^^^\n2026-01-29T14:36:58.047147219Z   File \"/app/src/runtime/renderer.py\", line 70, in render\n2026-01-29T14:36:58.047147958Z     return self._render_html_node(node)\n2026-01-29T14:36:58.047148628Z            ^^^^^^^^^^^^^^^^^^^^^^^^^^^^\n2026-01-29T14:36:58.047149299Z   File \"/app/src/runtime/renderer.py\", line 163, in _render_html_node\n2026-01-29T14:36:58.047150068Z     children_html = self.render_all(node.children)\n2026-01-29T14:36:58.047150728Z                     ^^^^^^^^^^^^^^^^^^^^^^^^^^^^^^\n2026-01-29T14:36:58.047151379Z   File \"/app/src/runtime/renderer.py\", line 117, in render_all\n2026-01-29T14:36:58.047152048Z     return ''.join(self.render(node) for node in nodes)\n2026-01-29T14:36:58.047152699Z            ^^^^^^^^^^^^^^^^^^^^^^^^^^^^^^^^^^^^^^^^^^^^\n2026-01-29T14:36:58.047153368Z   File \"/app/src/runtime/renderer.py\", line 117, in <genexpr>\n2026-01-29T14:36:58.047154038Z     return ''.join(self.render(node) for node in nodes)\n2026-01-29T14:36:58.047154699Z                    ^^^^^^^^^^^^^^^^^\n2026-01-29T14:36:58.047155318Z   File \"/app/src/runtime/renderer.py\", line 96, in render\n2026-01-29T14:36:58.047156008Z     return self._render_if(node)\n2026-01-29T14:36:58.047156648Z            ^^^^^^^^^^^^^^^^^^^^^\n2026-01-29T14:36:58.047157268Z   File \"/app/src/runtime/renderer.py\", line 311, in _render_if\n2026-01-29T14:36:58.047157948Z     return self.render_all(node.if_body)\n2026-01-29T14:36:58.047158619Z            ^^^^^^^^^^^^^^^^^^^^^^^^^^^^^\n2026-01-29T14:36:58.047159248Z   File \"/app/src/runtime/renderer.py\", line 117, in render_all\n2026-01-29T14:36:58.047159899Z     return ''.join(self.render(node) for node in nodes)\n2026-01-29T14:36:58.047160539Z            ^^^^^^^^^^^^^^^^^^^^^^^^^^^^^^^^^^^^^^^^^^^^\n2026-01-29T14:36:58.047161168Z   File \"/app/src/runtime/renderer.py\", line 117, in <genexpr>\n2026-01-29T14:36:58.047161838Z     return ''.join(self.render(node) for node in nodes)\n2026-01-29T14:36:58.047162488Z                    ^^^^^^^^^^^^^^^^^\n2026-01-29T14:36:58.047163118Z   File \"/app/src/runtime/renderer.py\", line 70, in render\n2026-01-29T14:36:58.047163788Z     return self._render_html_node(node)\n2026-01-29T14:36:58.047164428Z            ^^^^^^^^^^^^^^^^^^^^^^^^^^^^\n2026-01-29T14:36:58.047165068Z   File \"/app/src/runtime/renderer.py\", line 163, in _render_html_node\n2026-01-29T14:36:58.047165739Z     children_html = self.render_all(node.children)\n2026-01-29T14:36:58.047166368Z                     ^^^^^^^^^^^^^^^^^^^^^^^^^^^^^^\n2026-01-29T14:36:58.047166998Z   File \"/app/src/runtime/renderer.py\", line 117, in render_all\n2026-01-29T14:36:58.047167648Z     return ''.join(self.render(node) for node in nodes)\n2026-01-29T14:36:58.047168278Z            ^^^^^^^^^^^^^^^^^^^^^^^^^^^^^^^^^^^^^^^^^^^^\n2026-01-29T14:36:58.047170168Z   File \"/app/src/runtime/renderer.py\", line 117, in <genexpr>\n2026-01-29T14:36:58.047170859Z     return ''.join(self.render(node) for node in nodes)\n2026-01-29T14:36:58.047171499Z                    ^^^^^^^^^^^^^^^^^\n2026-01-29T14:36:58.047172139Z   File \"/app/src/runtime/renderer.py\", line 70, in render\n2026-01-29T14:36:58.047172928Z     return self._render_html_node(node)\n2026-01-29T14:36:58.047173598Z            ^^^^^^^^^^^^^^^^^^^^^^^^^^^^\n2026-01-29T14:36:58.047174228Z   File \"/app/src/runtime/renderer.py\", line 163, in _render_html_node\n2026-01-29T14:36:58.047174888Z     children_html = self.render_all(node.children)\n2026-01-29T14:36:58.047175568Z                     ^^^^^^^^^^^^^^^^^^^^^^^^^^^^^^\n2026-01-29T14:36:58.047176198Z   File \"/app/src/runtime/renderer.py\", line 117, in render_all\n2026-01-29T14:36:58.047176848Z     return ''.join(self.render(node) for node in nodes)\n2026-01-29T14:36:58.047177488Z            ^^^^^^^^^^^^^^^^^^^^^^^^^^^^^^^^^^^^^^^^^^^^\n2026-01-29T14:36:58.047178198Z   File \"/app/src/runtime/renderer.py\", line 117, in <genexpr>\n2026-01-29T14:36:58.047178908Z     return ''.join(self.render(node) for node in nodes)\n2026-01-29T14:36:58.047179568Z                    ^^^^^^^^^^^^^^^^^\n2026-01-29T14:36:58.047180219Z   File \"/app/src/runtime/renderer.py\", line 73, in render\n2026-01-29T14:36:58.047180908Z     return self._render_text_node(node)\n2026-01-29T14:36:58.047181539Z            ^^^^^^^^^^^^^^^^^^^^^^^^^^^^\n2026-01-29T14:36:58.047182179Z   File \"/app/src/runtime/renderer.py\", line 197, in _render_text_node\n2026-01-29T14:36:58.047182848Z     return html.escape(text)\n2026-01-29T14:36:58.047183488Z            ^^^^^^^^^^^^^^^^^\n2026-01-29T14:36:58.047184108Z   File \"/usr/local/lib/python3.12/html/__init__.py\", line 19, in escape\n2026-01-29T14:36:58.047184798Z     s = s.replace(\"&\", \"&amp;\") # Must be done first!\n2026-01-29T14:36:58.047185628Z         ^^^^^^^^^\n2026-01-29T14:36:58.047186299Z AttributeError: 'builtin_function_or_method' object has no attribute 'replace'\n2026-01-29T14:36:58.047187019Z \n2026-01-29T14:36:58.047187659Z During handling of the above exception, another exception occurred:\n2026-01-29T14:36:58.047188348Z \n2026-01-29T14:36:58.047188979Z Traceback (most recent call last):\n2026-01-29T14:36:58.047189659Z   File \"/usr/local/lib/python3.12/site-packages/flask/app.py\", line 1511, in wsgi_app\n2026-01-29T14:36:58.047190379Z     response = self.full_dispatch_request()\n2026-01-29T14:36:58.047191028Z                ^^^^^^^^^^^^^^^^^^^^^^^^^^^^\n2026-01-29T14:36:58.047191699Z   File \"/usr/local/lib/python3.12/site-packages/flask/app.py\", line 919, in full_dispatch_request\n2026-01-29T14:36:58.047193668Z     rv = self.handle_user_exception(e)\n2026-01-29T14:36:58.047194328Z          ^^^^^^^^^^^^^^^^^^^^^^^^^^^^^\n2026-01-29T14:36:58.047194979Z   File \"/usr/local/lib/python3.12/site-packages/flask/app.py\", line 917, in full_dispatch_request\n2026-01-29T14:36:58.047195659Z     rv = self.dispatch_request()\n2026-01-29T14:36:58.047196288Z          ^^^^^^^^^^^^^^^^^^^^^^^\n2026-01-29T14:36:58.047196928Z   File \"/usr/local/lib/python3.12/site-packages/flask/app.py\", line 902, in dispatch_request\n2026-01-29T14:36:58.047197628Z     return self.ensure_sync(self.view_functions[rule.endpoint])(**view_args)  # type: ignore[no-any-return]\n2026-01-29T14:36:58.047198368Z            ^^^^^^^^^^^^^^^^^^^^^^^^^^^^^^^^^^^^^^^^^^^^^^^^^^^^^^^^^^^^^^^^^\n2026-01-29T14:36:58.047199048Z   File \"/app/src/runtime/web_server.py\", line 148, in dynamic_route\n2026-01-29T14:36:58.047199868Z     return self._serve_component(component_path)\n2026-01-29T14:36:58.047200539Z            ^^^^^^^^^^^^^^^^^^^^^^^^^^^^^^^^^^^^^\n2026-01-29T14:36:58.047201518Z   File \"/app/src/runtime/web_server.py\", line 380, in _serve_component\n2026-01-29T14:36:58.047202588Z     enhanced_error = ErrorHandler.handle_runtime_error(e, component_name, component_path)\n2026-01-29T14:36:58.047203948Z                                                           ^^^^^^^^^^^^^^\n2026-01-29T14:36:58.047205588Z NameError: name 'component_name' is not defined. Did you mean: 'component_path'?\n","lines":100}